app/build/outputs/logs/manifest-merger-debug-report.txt
-- Merging decision tree log ---
manifest
ADDED from src\main\AndroidManifest.xml:2:1-35:12
	package
		ADDED from src\main\AndroidManifest.xml:3:5-53
		INJECTED from src\main\AndroidManifest.xml
		INJECTED from src\main\AndroidManifest.xml
	xmlns:android
		ADDED from src\main\AndroidManifest.xml:2:11-69
application
ADDED from src\main\AndroidManifest.xml:5:5-33:19
	android:icon
		ADDED from src\main\AndroidManifest.xml:5:18-47
activity#com.android.yangryProductions.Sessions.SessionList
ADDED from src\main\AndroidManifest.xml:6:9-14:20
	android:label
		ADDED from src\main\AndroidManifest.xml:8:13-45
	android:name
		ADDED from src\main\AndroidManifest.xml:7:13-78
intent-filter#android.intent.action.MAIN+android.intent.category.LAUNCHER
ADDED from src\main\AndroidManifest.xml:9:13-13:29
action#android.intent.action.MAIN
ADDED from src\main\AndroidManifest.xml:10:17-69
	android:name
		ADDED from src\main\AndroidManifest.xml:10:25-66
category#android.intent.category.LAUNCHER
ADDED from src\main\AndroidManifest.xml:12:17-77
	android:name
		ADDED from src\main\AndroidManifest.xml:12:27-74
activity#com.android.yangryProductions.Sessions.SessionEdit
ADDED from src\main\AndroidManifest.xml:15:9-87
	android:name
		ADDED from src\main\AndroidManifest.xml:15:19-84
activity#com.android.yangryProductions.Sessions.SessionTimer
ADDED from src\main\AndroidManifest.xml:16:9-26:20
	android:screenOrientation
		ADDED from src\main\AndroidManifest.xml:20:13-49
	android:label
		ADDED from src\main\AndroidManifest.xml:19:13-48
	android:configChanges
		ADDED from src\main\AndroidManifest.xml:18:13-74
	android:name
		ADDED from src\main\AndroidManifest.xml:17:13-79
service#com.android.yangryProductions.journeyToMastery.TimerService
ADDED from src\main\AndroidManifest.xml:28:9-32:19
	android:enabled
		ADDED from src\main\AndroidManifest.xml:30:13-35
	android:exported
		ADDED from src\main\AndroidManifest.xml:31:13-36
	android:name
		ADDED from src\main\AndroidManifest.xml:29:13-87